{"/Users/mlvrkhn/Desktop/DEVMENTOR/JS/practice-js-testing/04/User.js": {"path":"/Users/mlvrkhn/Desktop/DEVMENTOR/JS/practice-js-testing/04/User.js","statementMap":{"0":{"start":{"line":3,"column":8},"end":{"line":3,"column":34}},"1":{"start":{"line":4,"column":8},"end":{"line":4,"column":40}},"2":{"start":{"line":7,"column":8},"end":{"line":7,"column":26}},"3":{"start":{"line":10,"column":8},"end":{"line":10,"column":29}}},"fnMap":{"0":{"name":"(anonymous_0)","decl":{"start":{"line":2,"column":4},"end":{"line":2,"column":5}},"loc":{"start":{"line":2,"column":24},"end":{"line":5,"column":5}},"line":2},"1":{"name":"(anonymous_1)","decl":{"start":{"line":6,"column":4},"end":{"line":6,"column":5}},"loc":{"start":{"line":6,"column":15},"end":{"line":8,"column":5}},"line":6},"2":{"name":"(anonymous_2)","decl":{"start":{"line":9,"column":4},"end":{"line":9,"column":5}},"loc":{"start":{"line":9,"column":18},"end":{"line":11,"column":5}},"line":9}},"branchMap":{},"s":{"0":5,"1":5,"2":1,"3":1},"f":{"0":5,"1":1,"2":1},"b":{},"_coverageSchema":"1a1c01bbd47fc00a2c39e90264f33305004495a9","hash":"03307b356514e87223730b1d0a21929c8802a9f9"}
}
