{"/Users/mlvrkhn/Desktop/DEVMENTOR/JS/practice-js-testing/03/app.js": {"path":"/Users/mlvrkhn/Desktop/DEVMENTOR/JS/practice-js-testing/03/app.js","statementMap":{"0":{"start":{"line":4,"column":4},"end":{"line":6,"column":5}},"1":{"start":{"line":5,"column":8},"end":{"line":5,"column":20}},"2":{"start":{"line":8,"column":4},"end":{"line":10,"column":5}},"3":{"start":{"line":9,"column":8},"end":{"line":9,"column":61}},"4":{"start":{"line":12,"column":4},"end":{"line":18,"column":5}},"5":{"start":{"line":13,"column":22},"end":{"line":13,"column":24}},"6":{"start":{"line":14,"column":8},"end":{"line":16,"column":9}},"7":{"start":{"line":14,"column":21},"end":{"line":14,"column":22}},"8":{"start":{"line":15,"column":12},"end":{"line":15,"column":28}},"9":{"start":{"line":17,"column":8},"end":{"line":17,"column":21}}},"fnMap":{"0":{"name":"randomArray","decl":{"start":{"line":1,"column":24},"end":{"line":1,"column":35}},"loc":{"start":{"line":1,"column":46},"end":{"line":19,"column":1}},"line":1}},"branchMap":{"0":{"loc":{"start":{"line":4,"column":4},"end":{"line":6,"column":5}},"type":"if","locations":[{"start":{"line":4,"column":4},"end":{"line":6,"column":5}},{"start":{"line":4,"column":4},"end":{"line":6,"column":5}}],"line":4},"1":{"loc":{"start":{"line":4,"column":8},"end":{"line":4,"column":46}},"type":"binary-expr","locations":[{"start":{"line":4,"column":8},"end":{"line":4,"column":25}},{"start":{"line":4,"column":29},"end":{"line":4,"column":46}}],"line":4},"2":{"loc":{"start":{"line":8,"column":4},"end":{"line":10,"column":5}},"type":"if","locations":[{"start":{"line":8,"column":4},"end":{"line":10,"column":5}},{"start":{"line":8,"column":4},"end":{"line":10,"column":5}}],"line":8},"3":{"loc":{"start":{"line":12,"column":4},"end":{"line":18,"column":5}},"type":"if","locations":[{"start":{"line":12,"column":4},"end":{"line":18,"column":5}},{"start":{"line":12,"column":4},"end":{"line":18,"column":5}}],"line":12},"4":{"loc":{"start":{"line":12,"column":8},"end":{"line":12,"column":58}},"type":"binary-expr","locations":[{"start":{"line":12,"column":8},"end":{"line":12,"column":31}},{"start":{"line":12,"column":35},"end":{"line":12,"column":58}}],"line":12}},"s":{"0":3,"1":1,"2":2,"3":1,"4":1,"5":1,"6":1,"7":1,"8":4,"9":1},"f":{"0":3},"b":{"0":[1,2],"1":[3,2],"2":[1,1],"3":[1,0],"4":[1,1]},"_coverageSchema":"1a1c01bbd47fc00a2c39e90264f33305004495a9","hash":"3cc62108575d251eb3be7de646c5a98b3c7474e4"}
}
