TN:
SF:04/User.js
FN:2,(anonymous_0)
FN:11,(anonymous_1)
FN:14,(anonymous_2)
FN:17,(anonymous_3)
FN:24,(anonymous_4)
FN:33,(anonymous_5)
FNF:6
FNH:6
FNDA:5,(anonymous_0)
FNDA:1,(anonymous_1)
FNDA:1,(anonymous_2)
FNDA:5,(anonymous_3)
FNDA:4,(anonymous_4)
FNDA:2,(anonymous_5)
DA:4,5
DA:7,5
DA:8,4
DA:12,1
DA:15,1
DA:18,5
DA:19,4
DA:21,1
DA:25,4
DA:26,4
DA:27,3
DA:30,1
DA:34,2
DA:35,1
DA:38,1
LF:15
LH:15
BRDA:18,0,0,4
BRDA:18,0,1,1
BRDA:26,1,0,3
BRDA:26,1,1,1
BRDA:26,2,0,4
BRDA:26,2,1,3
BRDA:34,3,0,1
BRDA:34,3,1,1
BRF:8
BRH:8
end_of_record
