TN:
SF:04/User.js
FN:2,(anonymous_0)
FN:9,(anonymous_1)
FN:12,(anonymous_2)
FN:15,(anonymous_3)
FN:20,(anonymous_4)
FN:25,(anonymous_5)
FNF:6
FNH:6
FNDA:5,(anonymous_0)
FNDA:1,(anonymous_1)
FNDA:1,(anonymous_2)
FNDA:5,(anonymous_3)
FNDA:4,(anonymous_4)
FNDA:2,(anonymous_5)
DA:3,5
DA:4,5
DA:5,5
DA:6,4
DA:10,1
DA:13,1
DA:16,5
DA:17,1
DA:21,4
DA:22,0
DA:26,2
DA:27,1
DA:29,1
DA:30,1
LF:14
LH:13
BRDA:16,0,0,1
BRDA:16,0,1,4
BRDA:21,1,0,0
BRDA:21,1,1,3
BRDA:21,2,0,4
BRDA:21,2,1,1
BRDA:26,3,0,1
BRDA:26,3,1,1
BRDA:29,4,0,1
BRDA:29,4,1,0
BRF:10
BRH:8
end_of_record
